C:\USERS\DVCASK2\DOCUMENTS\CLASSES\CS215\LOCAL_SOURCE\CS215\DVCASK2\PA4\PA4\DEBUG\BOARD.OBJ
C:\USERS\DVCASK2\DOCUMENTS\CLASSES\CS215\LOCAL_SOURCE\CS215\DVCASK2\PA4\PA4\DEBUG\PA4.OBJ
C:\USERS\DVCASK2\DOCUMENTS\CLASSES\CS215\LOCAL_SOURCE\CS215\DVCASK2\PA4\PA4\DEBUG\POSITION.OBJ
C:\USERS\DVCASK2\DOCUMENTS\CLASSES\CS215\LOCAL_SOURCE\CS215\DVCASK2\PA4\PA4\DEBUG\POSITIONLIST.OBJ
C:\USERS\DVCASK2\DOCUMENTS\CLASSES\CS215\LOCAL_SOURCE\CS215\DVCASK2\PA4\PA4\DEBUG\VC110.PDB
C:\USERS\DVCASK2\DOCUMENTS\CLASSES\CS215\LOCAL_SOURCE\CS215\DVCASK2\PA4\DEBUG\PA4.ILK
C:\USERS\DVCASK2\DOCUMENTS\CLASSES\CS215\LOCAL_SOURCE\CS215\DVCASK2\PA4\DEBUG\PA4.EXE
C:\USERS\DVCASK2\DOCUMENTS\CLASSES\CS215\LOCAL_SOURCE\CS215\DVCASK2\PA4\DEBUG\PA4.PDB
C:\Users\dvcask2\Documents\classes\cs215\local_source\CS215\dvcask2\pa4\pa4\Debug\board.obj
C:\Users\dvcask2\Documents\classes\cs215\local_source\CS215\dvcask2\pa4\pa4\Debug\pa4.obj
C:\Users\dvcask2\Documents\classes\cs215\local_source\CS215\dvcask2\pa4\pa4\Debug\position.obj
C:\Users\dvcask2\Documents\classes\cs215\local_source\CS215\dvcask2\pa4\pa4\Debug\positionlist.obj
C:\Users\dvcask2\Documents\classes\cs215\local_source\CS215\dvcask2\pa4\pa4\Debug\cl.command.1.tlog
C:\Users\dvcask2\Documents\classes\cs215\local_source\CS215\dvcask2\pa4\pa4\Debug\CL.read.1.tlog
C:\Users\dvcask2\Documents\classes\cs215\local_source\CS215\dvcask2\pa4\pa4\Debug\CL.write.1.tlog
C:\Users\dvcask2\Documents\classes\cs215\local_source\CS215\dvcask2\pa4\pa4\Debug\link-cvtres.read.1.tlog
C:\Users\dvcask2\Documents\classes\cs215\local_source\CS215\dvcask2\pa4\pa4\Debug\link-cvtres.write.1.tlog
C:\Users\dvcask2\Documents\classes\cs215\local_source\CS215\dvcask2\pa4\pa4\Debug\link-rc.read.1.tlog
C:\Users\dvcask2\Documents\classes\cs215\local_source\CS215\dvcask2\pa4\pa4\Debug\link-rc.write.1.tlog
C:\Users\dvcask2\Documents\classes\cs215\local_source\CS215\dvcask2\pa4\pa4\Debug\link.command.1.tlog
C:\Users\dvcask2\Documents\classes\cs215\local_source\CS215\dvcask2\pa4\pa4\Debug\link.read.1.tlog
C:\Users\dvcask2\Documents\classes\cs215\local_source\CS215\dvcask2\pa4\pa4\Debug\link.write.1.tlog
C:\Users\dvcask2\Documents\classes\cs215\local_source\CS215\dvcask2\pa4\pa4\Debug\vc110.idb
C:\Users\dvcask2\Documents\classes\cs215\local_source\CS215\dvcask2\pa4\pa4\Debug\vc110.pdb
C:\Users\dvcask2\Documents\classes\cs215\local_source\CS215\dvcask2\pa4\Debug\pa4.pdb
C:\Users\dvcask2\Documents\classes\cs215\local_source\CS215\dvcask2\pa4\Debug\pa4.exe
C:\Users\dvcask2\Documents\classes\cs215\local_source\CS215\dvcask2\pa4\Debug\pa4.ilk
